<?xml version="1.0" encoding="UTF-8"?>
<!-- Generated by org.testng.reporters.JUnitReportReporter -->
<testsuite hostname="DESKTOP-TKNJ4V5" failures="0" tests="1" name="com.test.Practice1Test" time="0.018" errors="0" timestamp="18 Jul 2022 10:52:51 GMT">
  <testcase classname="com.test.Practice1Test" name="test1" time="0.018"/>
</testsuite> <!-- com.test.Practice1Test -->
