<?xml version="1.0" encoding="UTF-8"?>
<!-- Generated by org.testng.reporters.JUnitReportReporter -->
<testsuite hostname="DESKTOP-TKNJ4V5" failures="0" tests="1" name="com.test.Practice2Test" time="0.003" errors="0" timestamp="18 Jul 2022 10:54:02 GMT">
  <testcase classname="com.test.Practice2Test" name="test2" time="0.003"/>
</testsuite> <!-- com.test.Practice2Test -->
