<?xml version="1.0" encoding="UTF-8"?>
<!-- Generated by org.testng.reporters.JUnitReportReporter -->
<testsuite hostname="DESKTOP-TKNJ4V5" failures="0" tests="3" name="com.test.PracticeMavenTest" time="0.028" errors="0" timestamp="18 Jul 2022 10:19:35 GMT">
  <testcase classname="com.test.PracticeMavenTest" name="test1" time="0.023"/>
  <testcase classname="com.test.PracticeMavenTest" name="test2" time="0.003"/>
  <testcase classname="com.test.PracticeMavenTest" name="test3" time="0.002"/>
</testsuite> <!-- com.test.PracticeMavenTest -->
