<?xml version="1.0" encoding="UTF-8"?>
<!-- Generated by org.testng.reporters.JUnitReportReporter -->
<testsuite hostname="DESKTOP-TKNJ4V5" failures="0" tests="1" name="com.test.Prctice3Test" time="0.021" errors="0" timestamp="18 Jul 2022 10:54:02 GMT">
  <testcase classname="com.test.Prctice3Test" name="test3" time="0.021"/>
</testsuite> <!-- com.test.Prctice3Test -->
